     1 00000000                                 ; hello-os
     2 00000000                                 ; TAB=4
     3 00000000                                 
     4                                          		ORG		0x7c00			
     5 00007C00                                 
     6 00007C00 EB 50                           JMP		entry 
     7 00007C02 90                              DB		0x90
     8 00007C03 4C 6F 6F 70 79 49 50 4C         DB 		"LoopyIPL" ; 부트섹터의 이름
     9 00007C0B 0200                            DW 		512 ; 1섹터의 크기(바이트 단위, 512)
    10 00007C0D 01                              DB 		1 ; 클러스터의 크기(1섹터)
    11 00007C0E 0001                            DW 		1 ; 예약된 섹터의 수
    12 00007C10 02                              DB 		2 ; 디스크의 FAT 테이블 수
    13 00007C11 00E0                            DW 		224 ; 루트 디렉토리 엔트리의 수(보통은 224엔트리)
    14 00007C13 0B40                            DW 		2880 ; 디스크의 총 섹터 수(2880임, 플로피 디스크)
    15 00007C15 F0                              DB 		0xf0 ; 미디어 타입(0xf0으로 해야함, 1.44mb 플로피디스크)
    16 00007C16 0009                            DW 		9 ; 하나의 FAT 테이블의 섹터 수(9섹터로 해야함)
    17 00007C18 0012                            DW 		18 ; 1트랙에 몇 섹터가 있는가(18로 해야함)
    18 00007C1A 0002                            DW 		2 ; 헤드의 수(2로 해야함)
    19 00007C1C 00000000                        DD 		0 ; 파티션을 사용하지 않으므로 이곳은 반드시 0
    20 00007C20 00000B40                        DD 		2880 ; 이 드라이브의 크기를 한번 더 씀
    21 00007C24 00 00 29                        DB 		0,0,0x29 ; 볼륨 ID가 포함된 부트 섹터임을 표시하는 마커
    22 00007C27 FFFFFFFF                        DD 		0xffffffff ; 볼륨의 시리얼 번호
    23 00007C2B 4C 6F 6F 70 79 2D 4F 53 20 20   DB 		"Loopy-OS    " ; 디스크의 이름
       00007C35 20 20 
    24 00007C37 46 41 54 31 32 20 20 20 20      DB 		"FAT12    " ; 포맷의 이름
    25 00007C40 00 00 00 00 00 00 00 00 00 00   RESB 	18 ; 18바이트 남겨둠
       00007C4A 00 00 00 00 00 00 00 00 
    26 00007C52                                 
    27 00007C52                                 ; 프로그램 본체
    28 00007C52                                 
    29 00007C52                                 entry:
    30 00007C52 B8 0000                         		MOV		AX, 0			
    31 00007C55 8E D0                           		MOV		SS,AX
    32 00007C57 BC 7C00                         		MOV		SP,0x7c00
    33 00007C5A 8E D8                           		MOV		DS,AX
    34 00007C5C 8E C0                           		MOV		ES,AX
    35 00007C5E                                 
    36 00007C5E BE 7C76                         		MOV		SI,msg		
    37 00007C61                                 putloop:
    38 00007C61 8A 04                           		MOV		AL,[SI]			
    39 00007C63 83 C6 01                        		ADD		SI, 1			
    40 00007C66 3C 00                           		CMP		AL,0
    41 00007C68 74 09                           		JE		fin
    42 00007C6A B4 0E                           		MOV		AH, 0x0e		
    43 00007C6C BB 000F                         		MOV		BX, 15			
    44 00007C6F CD 10                           		INT		0x10			
    45 00007C71 EB EE                           		JMP		putloop
    46 00007C73                                 fin:
    47 00007C73 F4                              		HLT					
    48 00007C74 EB FD                           		JMP		fin			
    49 00007C76                                 
    50 00007C76                                 msg:
    51 00007C76 0A 0A                           		DB		0x0a, 0x0a		
    52 00007C78 4C 6F 6F 70 79 2C 20 68 65 6C   		DB		"Loopy, hello world"
       00007C82 6C 6F 20 77 6F 72 6C 64 
    53 00007C8A 0A                              		DB		0x0a			
    54 00007C8B 00                              		DB		0
    55 00007C8C                                 
    56 00007C8C 00 00 00 00 00 00 00 00 00 00   		RESB	0x7dfe-$			
       00007C96 00 00 00 00 00 00 00 00 00 00 
       00007CA0 00 00 00 00 00 00 00 00 00 00 
       00007CAA 00 00 00 00 00 00 00 00 00 00 
       00007CB4 00 00 00 00 00 00 00 00 00 00 
       00007CBE 00 00 00 00 00 00 00 00 00 00 
       00007CC8 00 00 00 00 00 00 00 00 00 00 
       00007CD2 00 00 00 00 00 00 00 00 00 00 
       00007CDC 00 00 00 00 00 00 00 00 00 00 
       00007CE6 00 00 00 00 00 00 00 00 00 00 
       00007CF0 00 00 00 00 00 00 00 00 00 00 
       00007CFA 00 00 00 00 00 00 00 00 00 00 
       00007D04 00 00 00 00 00 00 00 00 00 00 
       00007D0E 00 00 00 00 00 00 00 00 00 00 
       00007D18 00 00 00 00 00 00 00 00 00 00 
       00007D22 00 00 00 00 00 00 00 00 00 00 
       00007D2C 00 00 00 00 00 00 00 00 00 00 
       00007D36 00 00 00 00 00 00 00 00 00 00 
       00007D40 00 00 00 00 00 00 00 00 00 00 
       00007D4A 00 00 00 00 00 00 00 00 00 00 
       00007D54 00 00 00 00 00 00 00 00 00 00 
       00007D5E 00 00 00 00 00 00 00 00 00 00 
       00007D68 00 00 00 00 00 00 00 00 00 00 
       00007D72 00 00 00 00 00 00 00 00 00 00 
       00007D7C 00 00 00 00 00 00 00 00 00 00 
       00007D86 00 00 00 00 00 00 00 00 00 00 
       00007D90 00 00 00 00 00 00 00 00 00 00 
       00007D9A 00 00 00 00 00 00 00 00 00 00 
       00007DA4 00 00 00 00 00 00 00 00 00 00 
       00007DAE 00 00 00 00 00 00 00 00 00 00 
       00007DB8 00 00 00 00 00 00 00 00 00 00 
       00007DC2 00 00 00 00 00 00 00 00 00 00 
       00007DCC 00 00 00 00 00 00 00 00 00 00 
       00007DD6 00 00 00 00 00 00 00 00 00 00 
       00007DE0 00 00 00 00 00 00 00 00 00 00 
       00007DEA 00 00 00 00 00 00 00 00 00 00 
       00007DF4 00 00 00 00 00 00 00 00 00 00 
    57 00007DFE                                 
    58 00007DFE 55 AA                           		DB		0x55, 0xaa
